<?xml version="1.0" encoding="UTF-8"?>
<testsuite xmlns:xsi="http://www.w3.org/2001/XMLSchema-instance" xsi:noNamespaceSchemaLocation="https://maven.apache.org/surefire/maven-surefire-plugin/xsd/surefire-test-report.xsd" name="com.fan.SpringbootObjectApplicationTests" time="2.701" tests="1" errors="0" skipped="0" failures="0">
  <properties>
    <property name="sun.desktop" value="windows"/>
    <property name="awt.toolkit" value="sun.awt.windows.WToolkit"/>
    <property name="java.specification.version" value="11"/>
    <property name="sun.cpu.isalist" value="amd64"/>
    <property name="sun.jnu.encoding" value="GBK"/>
    <property name="java.class.path" value="D:\study\springboot\springboot_object\target\test-classes;D:\study\springboot\springboot_object\target\classes;D:\study\mvnResponsitory\org\springframework\boot\spring-boot-starter-web\2.2.5.RELEASE\spring-boot-starter-web-2.2.5.RELEASE.jar;D:\study\mvnResponsitory\org\springframework\boot\spring-boot-starter\2.2.5.RELEASE\spring-boot-starter-2.2.5.RELEASE.jar;D:\study\mvnResponsitory\org\springframework\boot\spring-boot\2.2.5.RELEASE\spring-boot-2.2.5.RELEASE.jar;D:\study\mvnResponsitory\org\springframework\boot\spring-boot-autoconfigure\2.2.5.RELEASE\spring-boot-autoconfigure-2.2.5.RELEASE.jar;D:\study\mvnResponsitory\org\springframework\boot\spring-boot-starter-logging\2.2.5.RELEASE\spring-boot-starter-logging-2.2.5.RELEASE.jar;D:\study\mvnResponsitory\ch\qos\logback\logback-classic\1.2.3\logback-classic-1.2.3.jar;D:\study\mvnResponsitory\ch\qos\logback\logback-core\1.2.3\logback-core-1.2.3.jar;D:\study\mvnResponsitory\org\apache\logging\log4j\log4j-to-slf4j\2.12.1\log4j-to-slf4j-2.12.1.jar;D:\study\mvnResponsitory\org\apache\logging\log4j\log4j-api\2.12.1\log4j-api-2.12.1.jar;D:\study\mvnResponsitory\org\slf4j\jul-to-slf4j\1.7.30\jul-to-slf4j-1.7.30.jar;D:\study\mvnResponsitory\jakarta\annotation\jakarta.annotation-api\1.3.5\jakarta.annotation-api-1.3.5.jar;D:\study\mvnResponsitory\org\yaml\snakeyaml\1.25\snakeyaml-1.25.jar;D:\study\mvnResponsitory\org\springframework\boot\spring-boot-starter-json\2.2.5.RELEASE\spring-boot-starter-json-2.2.5.RELEASE.jar;D:\study\mvnResponsitory\com\fasterxml\jackson\core\jackson-databind\2.10.2\jackson-databind-2.10.2.jar;D:\study\mvnResponsitory\com\fasterxml\jackson\core\jackson-annotations\2.10.2\jackson-annotations-2.10.2.jar;D:\study\mvnResponsitory\com\fasterxml\jackson\core\jackson-core\2.10.2\jackson-core-2.10.2.jar;D:\study\mvnResponsitory\com\fasterxml\jackson\datatype\jackson-datatype-jdk8\2.10.2\jackson-datatype-jdk8-2.10.2.jar;D:\study\mvnResponsitory\com\fasterxml\jackson\datatype\jackson-datatype-jsr310\2.10.2\jackson-datatype-jsr310-2.10.2.jar;D:\study\mvnResponsitory\com\fasterxml\jackson\module\jackson-module-parameter-names\2.10.2\jackson-module-parameter-names-2.10.2.jar;D:\study\mvnResponsitory\org\springframework\boot\spring-boot-starter-tomcat\2.2.5.RELEASE\spring-boot-starter-tomcat-2.2.5.RELEASE.jar;D:\study\mvnResponsitory\org\apache\tomcat\embed\tomcat-embed-core\9.0.31\tomcat-embed-core-9.0.31.jar;D:\study\mvnResponsitory\org\apache\tomcat\embed\tomcat-embed-el\9.0.31\tomcat-embed-el-9.0.31.jar;D:\study\mvnResponsitory\org\apache\tomcat\embed\tomcat-embed-websocket\9.0.31\tomcat-embed-websocket-9.0.31.jar;D:\study\mvnResponsitory\org\springframework\boot\spring-boot-starter-validation\2.2.5.RELEASE\spring-boot-starter-validation-2.2.5.RELEASE.jar;D:\study\mvnResponsitory\jakarta\validation\jakarta.validation-api\2.0.2\jakarta.validation-api-2.0.2.jar;D:\study\mvnResponsitory\org\hibernate\validator\hibernate-validator\6.0.18.Final\hibernate-validator-6.0.18.Final.jar;D:\study\mvnResponsitory\org\jboss\logging\jboss-logging\3.4.1.Final\jboss-logging-3.4.1.Final.jar;D:\study\mvnResponsitory\com\fasterxml\classmate\1.5.1\classmate-1.5.1.jar;D:\study\mvnResponsitory\org\springframework\spring-web\5.2.4.RELEASE\spring-web-5.2.4.RELEASE.jar;D:\study\mvnResponsitory\org\springframework\spring-beans\5.2.4.RELEASE\spring-beans-5.2.4.RELEASE.jar;D:\study\mvnResponsitory\org\springframework\spring-webmvc\5.2.4.RELEASE\spring-webmvc-5.2.4.RELEASE.jar;D:\study\mvnResponsitory\org\springframework\spring-aop\5.2.4.RELEASE\spring-aop-5.2.4.RELEASE.jar;D:\study\mvnResponsitory\org\springframework\spring-context\5.2.4.RELEASE\spring-context-5.2.4.RELEASE.jar;D:\study\mvnResponsitory\org\springframework\spring-expression\5.2.4.RELEASE\spring-expression-5.2.4.RELEASE.jar;D:\study\mvnResponsitory\org\springframework\boot\spring-boot-starter-test\2.2.5.RELEASE\spring-boot-starter-test-2.2.5.RELEASE.jar;D:\study\mvnResponsitory\org\springframework\boot\spring-boot-test\2.2.5.RELEASE\spring-boot-test-2.2.5.RELEASE.jar;D:\study\mvnResponsitory\org\springframework\boot\spring-boot-test-autoconfigure\2.2.5.RELEASE\spring-boot-test-autoconfigure-2.2.5.RELEASE.jar;D:\study\mvnResponsitory\com\jayway\jsonpath\json-path\2.4.0\json-path-2.4.0.jar;D:\study\mvnResponsitory\net\minidev\json-smart\2.3\json-smart-2.3.jar;D:\study\mvnResponsitory\net\minidev\accessors-smart\1.2\accessors-smart-1.2.jar;D:\study\mvnResponsitory\org\ow2\asm\asm\5.0.4\asm-5.0.4.jar;D:\study\mvnResponsitory\org\slf4j\slf4j-api\1.7.30\slf4j-api-1.7.30.jar;D:\study\mvnResponsitory\jakarta\xml\bind\jakarta.xml.bind-api\2.3.2\jakarta.xml.bind-api-2.3.2.jar;D:\study\mvnResponsitory\jakarta\activation\jakarta.activation-api\1.2.2\jakarta.activation-api-1.2.2.jar;D:\study\mvnResponsitory\org\junit\jupiter\junit-jupiter\5.5.2\junit-jupiter-5.5.2.jar;D:\study\mvnResponsitory\org\junit\jupiter\junit-jupiter-api\5.5.2\junit-jupiter-api-5.5.2.jar;D:\study\mvnResponsitory\org\opentest4j\opentest4j\1.2.0\opentest4j-1.2.0.jar;D:\study\mvnResponsitory\org\junit\platform\junit-platform-commons\1.5.2\junit-platform-commons-1.5.2.jar;D:\study\mvnResponsitory\org\junit\jupiter\junit-jupiter-params\5.5.2\junit-jupiter-params-5.5.2.jar;D:\study\mvnResponsitory\org\junit\jupiter\junit-jupiter-engine\5.5.2\junit-jupiter-engine-5.5.2.jar;D:\study\mvnResponsitory\org\junit\vintage\junit-vintage-engine\5.5.2\junit-vintage-engine-5.5.2.jar;D:\study\mvnResponsitory\org\apiguardian\apiguardian-api\1.1.0\apiguardian-api-1.1.0.jar;D:\study\mvnResponsitory\org\junit\platform\junit-platform-engine\1.5.2\junit-platform-engine-1.5.2.jar;D:\study\mvnResponsitory\junit\junit\4.12\junit-4.12.jar;D:\study\mvnResponsitory\org\mockito\mockito-junit-jupiter\3.1.0\mockito-junit-jupiter-3.1.0.jar;D:\study\mvnResponsitory\org\assertj\assertj-core\3.13.2\assertj-core-3.13.2.jar;D:\study\mvnResponsitory\org\hamcrest\hamcrest\2.1\hamcrest-2.1.jar;D:\study\mvnResponsitory\org\mockito\mockito-core\3.1.0\mockito-core-3.1.0.jar;D:\study\mvnResponsitory\net\bytebuddy\byte-buddy\1.10.8\byte-buddy-1.10.8.jar;D:\study\mvnResponsitory\net\bytebuddy\byte-buddy-agent\1.10.8\byte-buddy-agent-1.10.8.jar;D:\study\mvnResponsitory\org\objenesis\objenesis\2.6\objenesis-2.6.jar;D:\study\mvnResponsitory\org\skyscreamer\jsonassert\1.5.0\jsonassert-1.5.0.jar;D:\study\mvnResponsitory\com\vaadin\external\google\android-json\0.0.20131108.vaadin1\android-json-0.0.20131108.vaadin1.jar;D:\study\mvnResponsitory\org\springframework\spring-core\5.2.4.RELEASE\spring-core-5.2.4.RELEASE.jar;D:\study\mvnResponsitory\org\springframework\spring-jcl\5.2.4.RELEASE\spring-jcl-5.2.4.RELEASE.jar;D:\study\mvnResponsitory\org\springframework\spring-test\5.2.4.RELEASE\spring-test-5.2.4.RELEASE.jar;D:\study\mvnResponsitory\org\xmlunit\xmlunit-core\2.6.3\xmlunit-core-2.6.3.jar;"/>
    <property name="java.vm.vendor" value="Oracle Corporation"/>
    <property name="sun.arch.data.model" value="64"/>
    <property name="user.variant" value=""/>
    <property name="java.vendor.url" value="https://openjdk.java.net/"/>
    <property name="user.timezone" value="Asia/Shanghai"/>
    <property name="java.vm.specification.version" value="11"/>
    <property name="os.name" value="Windows 10"/>
    <property name="sun.java.launcher" value="SUN_STANDARD"/>
    <property name="user.country" value="CN"/>
    <property name="sun.boot.library.path" value="D:\Java\jdk-11.0.11\bin"/>
    <property name="sun.java.command" value="C:\Users\y\AppData\Local\Temp\surefire14476074583299578720\surefirebooter11604947436189369052.jar C:\Users\y\AppData\Local\Temp\surefire14476074583299578720 2021-12-11T17-16-37_938-jvmRun1 surefire13095988070203707843tmp surefire_016378158005962143582tmp"/>
    <property name="jdk.debug" value="release"/>
    <property name="surefire.test.class.path" value="D:\study\springboot\springboot_object\target\test-classes;D:\study\springboot\springboot_object\target\classes;D:\study\mvnResponsitory\org\springframework\boot\spring-boot-starter-web\2.2.5.RELEASE\spring-boot-starter-web-2.2.5.RELEASE.jar;D:\study\mvnResponsitory\org\springframework\boot\spring-boot-starter\2.2.5.RELEASE\spring-boot-starter-2.2.5.RELEASE.jar;D:\study\mvnResponsitory\org\springframework\boot\spring-boot\2.2.5.RELEASE\spring-boot-2.2.5.RELEASE.jar;D:\study\mvnResponsitory\org\springframework\boot\spring-boot-autoconfigure\2.2.5.RELEASE\spring-boot-autoconfigure-2.2.5.RELEASE.jar;D:\study\mvnResponsitory\org\springframework\boot\spring-boot-starter-logging\2.2.5.RELEASE\spring-boot-starter-logging-2.2.5.RELEASE.jar;D:\study\mvnResponsitory\ch\qos\logback\logback-classic\1.2.3\logback-classic-1.2.3.jar;D:\study\mvnResponsitory\ch\qos\logback\logback-core\1.2.3\logback-core-1.2.3.jar;D:\study\mvnResponsitory\org\apache\logging\log4j\log4j-to-slf4j\2.12.1\log4j-to-slf4j-2.12.1.jar;D:\study\mvnResponsitory\org\apache\logging\log4j\log4j-api\2.12.1\log4j-api-2.12.1.jar;D:\study\mvnResponsitory\org\slf4j\jul-to-slf4j\1.7.30\jul-to-slf4j-1.7.30.jar;D:\study\mvnResponsitory\jakarta\annotation\jakarta.annotation-api\1.3.5\jakarta.annotation-api-1.3.5.jar;D:\study\mvnResponsitory\org\yaml\snakeyaml\1.25\snakeyaml-1.25.jar;D:\study\mvnResponsitory\org\springframework\boot\spring-boot-starter-json\2.2.5.RELEASE\spring-boot-starter-json-2.2.5.RELEASE.jar;D:\study\mvnResponsitory\com\fasterxml\jackson\core\jackson-databind\2.10.2\jackson-databind-2.10.2.jar;D:\study\mvnResponsitory\com\fasterxml\jackson\core\jackson-annotations\2.10.2\jackson-annotations-2.10.2.jar;D:\study\mvnResponsitory\com\fasterxml\jackson\core\jackson-core\2.10.2\jackson-core-2.10.2.jar;D:\study\mvnResponsitory\com\fasterxml\jackson\datatype\jackson-datatype-jdk8\2.10.2\jackson-datatype-jdk8-2.10.2.jar;D:\study\mvnResponsitory\com\fasterxml\jackson\datatype\jackson-datatype-jsr310\2.10.2\jackson-datatype-jsr310-2.10.2.jar;D:\study\mvnResponsitory\com\fasterxml\jackson\module\jackson-module-parameter-names\2.10.2\jackson-module-parameter-names-2.10.2.jar;D:\study\mvnResponsitory\org\springframework\boot\spring-boot-starter-tomcat\2.2.5.RELEASE\spring-boot-starter-tomcat-2.2.5.RELEASE.jar;D:\study\mvnResponsitory\org\apache\tomcat\embed\tomcat-embed-core\9.0.31\tomcat-embed-core-9.0.31.jar;D:\study\mvnResponsitory\org\apache\tomcat\embed\tomcat-embed-el\9.0.31\tomcat-embed-el-9.0.31.jar;D:\study\mvnResponsitory\org\apache\tomcat\embed\tomcat-embed-websocket\9.0.31\tomcat-embed-websocket-9.0.31.jar;D:\study\mvnResponsitory\org\springframework\boot\spring-boot-starter-validation\2.2.5.RELEASE\spring-boot-starter-validation-2.2.5.RELEASE.jar;D:\study\mvnResponsitory\jakarta\validation\jakarta.validation-api\2.0.2\jakarta.validation-api-2.0.2.jar;D:\study\mvnResponsitory\org\hibernate\validator\hibernate-validator\6.0.18.Final\hibernate-validator-6.0.18.Final.jar;D:\study\mvnResponsitory\org\jboss\logging\jboss-logging\3.4.1.Final\jboss-logging-3.4.1.Final.jar;D:\study\mvnResponsitory\com\fasterxml\classmate\1.5.1\classmate-1.5.1.jar;D:\study\mvnResponsitory\org\springframework\spring-web\5.2.4.RELEASE\spring-web-5.2.4.RELEASE.jar;D:\study\mvnResponsitory\org\springframework\spring-beans\5.2.4.RELEASE\spring-beans-5.2.4.RELEASE.jar;D:\study\mvnResponsitory\org\springframework\spring-webmvc\5.2.4.RELEASE\spring-webmvc-5.2.4.RELEASE.jar;D:\study\mvnResponsitory\org\springframework\spring-aop\5.2.4.RELEASE\spring-aop-5.2.4.RELEASE.jar;D:\study\mvnResponsitory\org\springframework\spring-context\5.2.4.RELEASE\spring-context-5.2.4.RELEASE.jar;D:\study\mvnResponsitory\org\springframework\spring-expression\5.2.4.RELEASE\spring-expression-5.2.4.RELEASE.jar;D:\study\mvnResponsitory\org\springframework\boot\spring-boot-starter-test\2.2.5.RELEASE\spring-boot-starter-test-2.2.5.RELEASE.jar;D:\study\mvnResponsitory\org\springframework\boot\spring-boot-test\2.2.5.RELEASE\spring-boot-test-2.2.5.RELEASE.jar;D:\study\mvnResponsitory\org\springframework\boot\spring-boot-test-autoconfigure\2.2.5.RELEASE\spring-boot-test-autoconfigure-2.2.5.RELEASE.jar;D:\study\mvnResponsitory\com\jayway\jsonpath\json-path\2.4.0\json-path-2.4.0.jar;D:\study\mvnResponsitory\net\minidev\json-smart\2.3\json-smart-2.3.jar;D:\study\mvnResponsitory\net\minidev\accessors-smart\1.2\accessors-smart-1.2.jar;D:\study\mvnResponsitory\org\ow2\asm\asm\5.0.4\asm-5.0.4.jar;D:\study\mvnResponsitory\org\slf4j\slf4j-api\1.7.30\slf4j-api-1.7.30.jar;D:\study\mvnResponsitory\jakarta\xml\bind\jakarta.xml.bind-api\2.3.2\jakarta.xml.bind-api-2.3.2.jar;D:\study\mvnResponsitory\jakarta\activation\jakarta.activation-api\1.2.2\jakarta.activation-api-1.2.2.jar;D:\study\mvnResponsitory\org\junit\jupiter\junit-jupiter\5.5.2\junit-jupiter-5.5.2.jar;D:\study\mvnResponsitory\org\junit\jupiter\junit-jupiter-api\5.5.2\junit-jupiter-api-5.5.2.jar;D:\study\mvnResponsitory\org\opentest4j\opentest4j\1.2.0\opentest4j-1.2.0.jar;D:\study\mvnResponsitory\org\junit\platform\junit-platform-commons\1.5.2\junit-platform-commons-1.5.2.jar;D:\study\mvnResponsitory\org\junit\jupiter\junit-jupiter-params\5.5.2\junit-jupiter-params-5.5.2.jar;D:\study\mvnResponsitory\org\junit\jupiter\junit-jupiter-engine\5.5.2\junit-jupiter-engine-5.5.2.jar;D:\study\mvnResponsitory\org\junit\vintage\junit-vintage-engine\5.5.2\junit-vintage-engine-5.5.2.jar;D:\study\mvnResponsitory\org\apiguardian\apiguardian-api\1.1.0\apiguardian-api-1.1.0.jar;D:\study\mvnResponsitory\org\junit\platform\junit-platform-engine\1.5.2\junit-platform-engine-1.5.2.jar;D:\study\mvnResponsitory\junit\junit\4.12\junit-4.12.jar;D:\study\mvnResponsitory\org\mockito\mockito-junit-jupiter\3.1.0\mockito-junit-jupiter-3.1.0.jar;D:\study\mvnResponsitory\org\assertj\assertj-core\3.13.2\assertj-core-3.13.2.jar;D:\study\mvnResponsitory\org\hamcrest\hamcrest\2.1\hamcrest-2.1.jar;D:\study\mvnResponsitory\org\mockito\mockito-core\3.1.0\mockito-core-3.1.0.jar;D:\study\mvnResponsitory\net\bytebuddy\byte-buddy\1.10.8\byte-buddy-1.10.8.jar;D:\study\mvnResponsitory\net\bytebuddy\byte-buddy-agent\1.10.8\byte-buddy-agent-1.10.8.jar;D:\study\mvnResponsitory\org\objenesis\objenesis\2.6\objenesis-2.6.jar;D:\study\mvnResponsitory\org\skyscreamer\jsonassert\1.5.0\jsonassert-1.5.0.jar;D:\study\mvnResponsitory\com\vaadin\external\google\android-json\0.0.20131108.vaadin1\android-json-0.0.20131108.vaadin1.jar;D:\study\mvnResponsitory\org\springframework\spring-core\5.2.4.RELEASE\spring-core-5.2.4.RELEASE.jar;D:\study\mvnResponsitory\org\springframework\spring-jcl\5.2.4.RELEASE\spring-jcl-5.2.4.RELEASE.jar;D:\study\mvnResponsitory\org\springframework\spring-test\5.2.4.RELEASE\spring-test-5.2.4.RELEASE.jar;D:\study\mvnResponsitory\org\xmlunit\xmlunit-core\2.6.3\xmlunit-core-2.6.3.jar;"/>
    <property name="sun.cpu.endian" value="little"/>
    <property name="user.home" value="C:\Users\y"/>
    <property name="user.language" value="zh"/>
    <property name="java.specification.vendor" value="Oracle Corporation"/>
    <property name="java.version.date" value="2021-04-20"/>
    <property name="java.home" value="D:\Java\jdk-11.0.11"/>
    <property name="file.separator" value="\"/>
    <property name="basedir" value="D:\study\springboot\springboot_object"/>
    <property name="java.vm.compressedOopsMode" value="32-bit"/>
    <property name="line.separator" value="&#10;"/>
    <property name="java.specification.name" value="Java Platform API Specification"/>
    <property name="java.vm.specification.vendor" value="Oracle Corporation"/>
    <property name="java.awt.graphicsenv" value="sun.awt.Win32GraphicsEnvironment"/>
    <property name="surefire.real.class.path" value="C:\Users\y\AppData\Local\Temp\surefire14476074583299578720\surefirebooter11604947436189369052.jar"/>
    <property name="user.script" value=""/>
    <property name="sun.management.compiler" value="HotSpot 64-Bit Tiered Compilers"/>
    <property name="java.runtime.version" value="11.0.11+9-LTS-194"/>
    <property name="user.name" value="y"/>
    <property name="path.separator" value=";"/>
    <property name="os.version" value="10.0"/>
    <property name="java.runtime.name" value="Java(TM) SE Runtime Environment"/>
    <property name="file.encoding" value="GBK"/>
    <property name="java.vm.name" value="Java HotSpot(TM) 64-Bit Server VM"/>
    <property name="java.vendor.version" value="18.9"/>
    <property name="localRepository" value="D:\study\mvnResponsitory"/>
    <property name="java.vendor.url.bug" value="https://bugreport.java.com/bugreport/"/>
    <property name="java.io.tmpdir" value="C:\Users\y\AppData\Local\Temp\"/>
    <property name="idea.version" value="2021.2"/>
    <property name="java.version" value="11.0.11"/>
    <property name="user.dir" value="D:\study\springboot\springboot_object"/>
    <property name="os.arch" value="amd64"/>
    <property name="java.vm.specification.name" value="Java Virtual Machine Specification"/>
    <property name="java.awt.printerjob" value="sun.awt.windows.WPrinterJob"/>
    <property name="sun.os.patch.level" value=""/>
    <property name="java.library.path" value="D:\Java\jdk-11.0.11\bin;C:\Windows\Sun\Java\bin;C:\Windows\system32;C:\Windows;C:\Program Files (x86)\Common Files\Intel\Shared Libraries\redist\intel64\compiler;D:\Program Files (x86)\VMware\VMware Workstation\bin\;C:\Program Files\Common Files\Oracle\Java\javapath;C:\Program Files (x86)\Common Files\Oracle\Java\javapath;C:\Windows\system32;C:\Windows;C:\Windows\System32\Wbem;C:\Windows\System32\WindowsPowerShell\v1.0\;C:\Windows\System32\OpenSSH\;D:\Java\jdk1.8.0_291\bin;C:\Program Files\MySQL\MySQL Server 8.0\bin;C:\Program Files\Common Files\Autodesk Shared\;C:\Program Files (x86)\Autodesk\Backburner\;D:\Program Files\Git\cmd;D:\Program Files\apache-maven-3.8.1\bin;C:\Program Files\MySQL\MySQL Server 8.0\bin;D:\Java\jdk-11.0.11;&quot;Java_Home%\bin;D:\Java\jdk-11.0.11\jre\bin;&quot;;E:\安装路径\;E:\Java开发安装包\Xshell7\;D:\node.js\node\;C:\Users\y\AppData\Local\Microsoft\WindowsApps;;D:\JetBrains\IntelliJ IDEA 2021.1.2\bin;;C:\Users\y\AppData\Roaming\npm;."/>
    <property name="java.vendor" value="Oracle Corporation"/>
    <property name="java.vm.info" value="mixed mode"/>
    <property name="java.vm.version" value="11.0.11+9-LTS-194"/>
    <property name="sun.io.unicode.encoding" value="UnicodeLittle"/>
    <property name="maven.repo.local" value="D:\study\mvnResponsitory"/>
    <property name="java.class.version" value="55.0"/>
  </properties>
  <testcase name="contextLoads" classname="com.fan.SpringbootObjectApplicationTests" time="0.448"/>
</testsuite>