<component name="libraryTable">
  <library name="junit-platform-commons-1.3.1">
    <CLASSES>
      <root url="jar://$PROJECT_DIR$/mvnRespotity/org/junit/platform/junit-platform-commons/1.3.1/junit-platform-commons-1.3.1.jar!/" />
    </CLASSES>
    <JAVADOC />
    <SOURCES />
  </library>
</component>