<?xml version="1.0" encoding="UTF-8"?>
<testsuite xmlns:xsi="http://www.w3.org/2001/XMLSchema-instance" xsi:noNamespaceSchemaLocation="https://maven.apache.org/surefire/maven-surefire-plugin/xsd/surefire-test-report.xsd" name="com.fan.vue.VueApplicationTests" time="5.585" tests="1" errors="0" skipped="0" failures="0">
  <properties>
    <property name="sun.desktop" value="windows"/>
    <property name="awt.toolkit" value="sun.awt.windows.WToolkit"/>
    <property name="java.specification.version" value="11"/>
    <property name="sun.cpu.isalist" value="amd64"/>
    <property name="sun.jnu.encoding" value="GBK"/>
    <property name="java.class.path" value="D:\study\java-folder\vue.js\vue\target\test-classes;D:\study\java-folder\vue.js\vue\target\classes;D:\study\mvnResponsitory\org\springframework\boot\spring-boot-starter-web\2.6.1\spring-boot-starter-web-2.6.1.jar;D:\study\mvnResponsitory\org\springframework\boot\spring-boot-starter\2.6.1\spring-boot-starter-2.6.1.jar;D:\study\mvnResponsitory\org\springframework\boot\spring-boot\2.6.1\spring-boot-2.6.1.jar;D:\study\mvnResponsitory\org\springframework\boot\spring-boot-autoconfigure\2.6.1\spring-boot-autoconfigure-2.6.1.jar;D:\study\mvnResponsitory\org\springframework\boot\spring-boot-starter-logging\2.6.1\spring-boot-starter-logging-2.6.1.jar;D:\study\mvnResponsitory\ch\qos\logback\logback-classic\1.2.7\logback-classic-1.2.7.jar;D:\study\mvnResponsitory\ch\qos\logback\logback-core\1.2.7\logback-core-1.2.7.jar;D:\study\mvnResponsitory\org\apache\logging\log4j\log4j-to-slf4j\2.14.1\log4j-to-slf4j-2.14.1.jar;D:\study\mvnResponsitory\org\apache\logging\log4j\log4j-api\2.14.1\log4j-api-2.14.1.jar;D:\study\mvnResponsitory\org\slf4j\jul-to-slf4j\1.7.32\jul-to-slf4j-1.7.32.jar;D:\study\mvnResponsitory\jakarta\annotation\jakarta.annotation-api\1.3.5\jakarta.annotation-api-1.3.5.jar;D:\study\mvnResponsitory\org\yaml\snakeyaml\1.29\snakeyaml-1.29.jar;D:\study\mvnResponsitory\org\springframework\boot\spring-boot-starter-json\2.6.1\spring-boot-starter-json-2.6.1.jar;D:\study\mvnResponsitory\com\fasterxml\jackson\core\jackson-databind\2.13.0\jackson-databind-2.13.0.jar;D:\study\mvnResponsitory\com\fasterxml\jackson\core\jackson-annotations\2.13.0\jackson-annotations-2.13.0.jar;D:\study\mvnResponsitory\com\fasterxml\jackson\core\jackson-core\2.13.0\jackson-core-2.13.0.jar;D:\study\mvnResponsitory\com\fasterxml\jackson\datatype\jackson-datatype-jdk8\2.13.0\jackson-datatype-jdk8-2.13.0.jar;D:\study\mvnResponsitory\com\fasterxml\jackson\datatype\jackson-datatype-jsr310\2.13.0\jackson-datatype-jsr310-2.13.0.jar;D:\study\mvnResponsitory\com\fasterxml\jackson\module\jackson-module-parameter-names\2.13.0\jackson-module-parameter-names-2.13.0.jar;D:\study\mvnResponsitory\org\springframework\boot\spring-boot-starter-tomcat\2.6.1\spring-boot-starter-tomcat-2.6.1.jar;D:\study\mvnResponsitory\org\apache\tomcat\embed\tomcat-embed-core\9.0.55\tomcat-embed-core-9.0.55.jar;D:\study\mvnResponsitory\org\apache\tomcat\embed\tomcat-embed-el\9.0.55\tomcat-embed-el-9.0.55.jar;D:\study\mvnResponsitory\org\apache\tomcat\embed\tomcat-embed-websocket\9.0.55\tomcat-embed-websocket-9.0.55.jar;D:\study\mvnResponsitory\org\springframework\spring-web\5.3.13\spring-web-5.3.13.jar;D:\study\mvnResponsitory\org\springframework\spring-beans\5.3.13\spring-beans-5.3.13.jar;D:\study\mvnResponsitory\org\springframework\spring-webmvc\5.3.13\spring-webmvc-5.3.13.jar;D:\study\mvnResponsitory\org\springframework\spring-aop\5.3.13\spring-aop-5.3.13.jar;D:\study\mvnResponsitory\org\springframework\spring-context\5.3.13\spring-context-5.3.13.jar;D:\study\mvnResponsitory\org\springframework\spring-expression\5.3.13\spring-expression-5.3.13.jar;D:\study\mvnResponsitory\org\mybatis\spring\boot\mybatis-spring-boot-starter\2.1.4\mybatis-spring-boot-starter-2.1.4.jar;D:\study\mvnResponsitory\org\springframework\boot\spring-boot-starter-jdbc\2.6.1\spring-boot-starter-jdbc-2.6.1.jar;D:\study\mvnResponsitory\com\zaxxer\HikariCP\4.0.3\HikariCP-4.0.3.jar;D:\study\mvnResponsitory\org\springframework\spring-jdbc\5.3.13\spring-jdbc-5.3.13.jar;D:\study\mvnResponsitory\org\springframework\spring-tx\5.3.13\spring-tx-5.3.13.jar;D:\study\mvnResponsitory\org\mybatis\spring\boot\mybatis-spring-boot-autoconfigure\2.1.4\mybatis-spring-boot-autoconfigure-2.1.4.jar;D:\study\mvnResponsitory\org\mybatis\mybatis\3.5.6\mybatis-3.5.6.jar;D:\study\mvnResponsitory\org\mybatis\mybatis-spring\2.0.6\mybatis-spring-2.0.6.jar;D:\study\mvnResponsitory\org\springframework\boot\spring-boot-starter-test\2.6.1\spring-boot-starter-test-2.6.1.jar;D:\study\mvnResponsitory\org\springframework\boot\spring-boot-test\2.6.1\spring-boot-test-2.6.1.jar;D:\study\mvnResponsitory\org\springframework\boot\spring-boot-test-autoconfigure\2.6.1\spring-boot-test-autoconfigure-2.6.1.jar;D:\study\mvnResponsitory\com\jayway\jsonpath\json-path\2.6.0\json-path-2.6.0.jar;D:\study\mvnResponsitory\net\minidev\json-smart\2.4.7\json-smart-2.4.7.jar;D:\study\mvnResponsitory\net\minidev\accessors-smart\2.4.7\accessors-smart-2.4.7.jar;D:\study\mvnResponsitory\org\ow2\asm\asm\9.1\asm-9.1.jar;D:\study\mvnResponsitory\org\slf4j\slf4j-api\1.7.32\slf4j-api-1.7.32.jar;D:\study\mvnResponsitory\jakarta\xml\bind\jakarta.xml.bind-api\2.3.3\jakarta.xml.bind-api-2.3.3.jar;D:\study\mvnResponsitory\jakarta\activation\jakarta.activation-api\1.2.2\jakarta.activation-api-1.2.2.jar;D:\study\mvnResponsitory\org\assertj\assertj-core\3.21.0\assertj-core-3.21.0.jar;D:\study\mvnResponsitory\org\hamcrest\hamcrest\2.2\hamcrest-2.2.jar;D:\study\mvnResponsitory\org\junit\jupiter\junit-jupiter\5.8.1\junit-jupiter-5.8.1.jar;D:\study\mvnResponsitory\org\junit\jupiter\junit-jupiter-api\5.8.1\junit-jupiter-api-5.8.1.jar;D:\study\mvnResponsitory\org\opentest4j\opentest4j\1.2.0\opentest4j-1.2.0.jar;D:\study\mvnResponsitory\org\junit\platform\junit-platform-commons\1.8.1\junit-platform-commons-1.8.1.jar;D:\study\mvnResponsitory\org\apiguardian\apiguardian-api\1.1.2\apiguardian-api-1.1.2.jar;D:\study\mvnResponsitory\org\junit\jupiter\junit-jupiter-params\5.8.1\junit-jupiter-params-5.8.1.jar;D:\study\mvnResponsitory\org\junit\jupiter\junit-jupiter-engine\5.8.1\junit-jupiter-engine-5.8.1.jar;D:\study\mvnResponsitory\org\junit\platform\junit-platform-engine\1.8.1\junit-platform-engine-1.8.1.jar;D:\study\mvnResponsitory\org\mockito\mockito-core\4.0.0\mockito-core-4.0.0.jar;D:\study\mvnResponsitory\net\bytebuddy\byte-buddy\1.11.22\byte-buddy-1.11.22.jar;D:\study\mvnResponsitory\net\bytebuddy\byte-buddy-agent\1.11.22\byte-buddy-agent-1.11.22.jar;D:\study\mvnResponsitory\org\objenesis\objenesis\3.2\objenesis-3.2.jar;D:\study\mvnResponsitory\org\mockito\mockito-junit-jupiter\4.0.0\mockito-junit-jupiter-4.0.0.jar;D:\study\mvnResponsitory\org\skyscreamer\jsonassert\1.5.0\jsonassert-1.5.0.jar;D:\study\mvnResponsitory\com\vaadin\external\google\android-json\0.0.20131108.vaadin1\android-json-0.0.20131108.vaadin1.jar;D:\study\mvnResponsitory\org\springframework\spring-core\5.3.13\spring-core-5.3.13.jar;D:\study\mvnResponsitory\org\springframework\spring-jcl\5.3.13\spring-jcl-5.3.13.jar;D:\study\mvnResponsitory\org\springframework\spring-test\5.3.13\spring-test-5.3.13.jar;D:\study\mvnResponsitory\org\xmlunit\xmlunit-core\2.8.3\xmlunit-core-2.8.3.jar;D:\study\mvnResponsitory\mysql\mysql-connector-java\8.0.25\mysql-connector-java-8.0.25.jar;D:\study\mvnResponsitory\com\alibaba\druid\1.2.8\druid-1.2.8.jar;D:\study\mvnResponsitory\javax\annotation\javax.annotation-api\1.3.2\javax.annotation-api-1.3.2.jar;D:\study\mvnResponsitory\org\projectlombok\lombok\1.18.22\lombok-1.18.22.jar;"/>
    <property name="java.vm.vendor" value="Oracle Corporation"/>
    <property name="sun.arch.data.model" value="64"/>
    <property name="user.variant" value=""/>
    <property name="java.vendor.url" value="https://openjdk.java.net/"/>
    <property name="user.timezone" value="Asia/Shanghai"/>
    <property name="java.vm.specification.version" value="11"/>
    <property name="os.name" value="Windows 10"/>
    <property name="sun.java.launcher" value="SUN_STANDARD"/>
    <property name="user.country" value="CN"/>
    <property name="sun.boot.library.path" value="D:\Java\jdk-11.0.11\bin"/>
    <property name="sun.java.command" value="C:\Users\y\AppData\Local\Temp\surefire14950846870575148941\surefirebooter16909218944026426009.jar C:\Users\y\AppData\Local\Temp\surefire14950846870575148941 2021-12-28T20-06-38_070-jvmRun1 surefire7335572023143769140tmp surefire_03947606027084688322tmp"/>
    <property name="jdk.debug" value="release"/>
    <property name="surefire.test.class.path" value="D:\study\java-folder\vue.js\vue\target\test-classes;D:\study\java-folder\vue.js\vue\target\classes;D:\study\mvnResponsitory\org\springframework\boot\spring-boot-starter-web\2.6.1\spring-boot-starter-web-2.6.1.jar;D:\study\mvnResponsitory\org\springframework\boot\spring-boot-starter\2.6.1\spring-boot-starter-2.6.1.jar;D:\study\mvnResponsitory\org\springframework\boot\spring-boot\2.6.1\spring-boot-2.6.1.jar;D:\study\mvnResponsitory\org\springframework\boot\spring-boot-autoconfigure\2.6.1\spring-boot-autoconfigure-2.6.1.jar;D:\study\mvnResponsitory\org\springframework\boot\spring-boot-starter-logging\2.6.1\spring-boot-starter-logging-2.6.1.jar;D:\study\mvnResponsitory\ch\qos\logback\logback-classic\1.2.7\logback-classic-1.2.7.jar;D:\study\mvnResponsitory\ch\qos\logback\logback-core\1.2.7\logback-core-1.2.7.jar;D:\study\mvnResponsitory\org\apache\logging\log4j\log4j-to-slf4j\2.14.1\log4j-to-slf4j-2.14.1.jar;D:\study\mvnResponsitory\org\apache\logging\log4j\log4j-api\2.14.1\log4j-api-2.14.1.jar;D:\study\mvnResponsitory\org\slf4j\jul-to-slf4j\1.7.32\jul-to-slf4j-1.7.32.jar;D:\study\mvnResponsitory\jakarta\annotation\jakarta.annotation-api\1.3.5\jakarta.annotation-api-1.3.5.jar;D:\study\mvnResponsitory\org\yaml\snakeyaml\1.29\snakeyaml-1.29.jar;D:\study\mvnResponsitory\org\springframework\boot\spring-boot-starter-json\2.6.1\spring-boot-starter-json-2.6.1.jar;D:\study\mvnResponsitory\com\fasterxml\jackson\core\jackson-databind\2.13.0\jackson-databind-2.13.0.jar;D:\study\mvnResponsitory\com\fasterxml\jackson\core\jackson-annotations\2.13.0\jackson-annotations-2.13.0.jar;D:\study\mvnResponsitory\com\fasterxml\jackson\core\jackson-core\2.13.0\jackson-core-2.13.0.jar;D:\study\mvnResponsitory\com\fasterxml\jackson\datatype\jackson-datatype-jdk8\2.13.0\jackson-datatype-jdk8-2.13.0.jar;D:\study\mvnResponsitory\com\fasterxml\jackson\datatype\jackson-datatype-jsr310\2.13.0\jackson-datatype-jsr310-2.13.0.jar;D:\study\mvnResponsitory\com\fasterxml\jackson\module\jackson-module-parameter-names\2.13.0\jackson-module-parameter-names-2.13.0.jar;D:\study\mvnResponsitory\org\springframework\boot\spring-boot-starter-tomcat\2.6.1\spring-boot-starter-tomcat-2.6.1.jar;D:\study\mvnResponsitory\org\apache\tomcat\embed\tomcat-embed-core\9.0.55\tomcat-embed-core-9.0.55.jar;D:\study\mvnResponsitory\org\apache\tomcat\embed\tomcat-embed-el\9.0.55\tomcat-embed-el-9.0.55.jar;D:\study\mvnResponsitory\org\apache\tomcat\embed\tomcat-embed-websocket\9.0.55\tomcat-embed-websocket-9.0.55.jar;D:\study\mvnResponsitory\org\springframework\spring-web\5.3.13\spring-web-5.3.13.jar;D:\study\mvnResponsitory\org\springframework\spring-beans\5.3.13\spring-beans-5.3.13.jar;D:\study\mvnResponsitory\org\springframework\spring-webmvc\5.3.13\spring-webmvc-5.3.13.jar;D:\study\mvnResponsitory\org\springframework\spring-aop\5.3.13\spring-aop-5.3.13.jar;D:\study\mvnResponsitory\org\springframework\spring-context\5.3.13\spring-context-5.3.13.jar;D:\study\mvnResponsitory\org\springframework\spring-expression\5.3.13\spring-expression-5.3.13.jar;D:\study\mvnResponsitory\org\mybatis\spring\boot\mybatis-spring-boot-starter\2.1.4\mybatis-spring-boot-starter-2.1.4.jar;D:\study\mvnResponsitory\org\springframework\boot\spring-boot-starter-jdbc\2.6.1\spring-boot-starter-jdbc-2.6.1.jar;D:\study\mvnResponsitory\com\zaxxer\HikariCP\4.0.3\HikariCP-4.0.3.jar;D:\study\mvnResponsitory\org\springframework\spring-jdbc\5.3.13\spring-jdbc-5.3.13.jar;D:\study\mvnResponsitory\org\springframework\spring-tx\5.3.13\spring-tx-5.3.13.jar;D:\study\mvnResponsitory\org\mybatis\spring\boot\mybatis-spring-boot-autoconfigure\2.1.4\mybatis-spring-boot-autoconfigure-2.1.4.jar;D:\study\mvnResponsitory\org\mybatis\mybatis\3.5.6\mybatis-3.5.6.jar;D:\study\mvnResponsitory\org\mybatis\mybatis-spring\2.0.6\mybatis-spring-2.0.6.jar;D:\study\mvnResponsitory\org\springframework\boot\spring-boot-starter-test\2.6.1\spring-boot-starter-test-2.6.1.jar;D:\study\mvnResponsitory\org\springframework\boot\spring-boot-test\2.6.1\spring-boot-test-2.6.1.jar;D:\study\mvnResponsitory\org\springframework\boot\spring-boot-test-autoconfigure\2.6.1\spring-boot-test-autoconfigure-2.6.1.jar;D:\study\mvnResponsitory\com\jayway\jsonpath\json-path\2.6.0\json-path-2.6.0.jar;D:\study\mvnResponsitory\net\minidev\json-smart\2.4.7\json-smart-2.4.7.jar;D:\study\mvnResponsitory\net\minidev\accessors-smart\2.4.7\accessors-smart-2.4.7.jar;D:\study\mvnResponsitory\org\ow2\asm\asm\9.1\asm-9.1.jar;D:\study\mvnResponsitory\org\slf4j\slf4j-api\1.7.32\slf4j-api-1.7.32.jar;D:\study\mvnResponsitory\jakarta\xml\bind\jakarta.xml.bind-api\2.3.3\jakarta.xml.bind-api-2.3.3.jar;D:\study\mvnResponsitory\jakarta\activation\jakarta.activation-api\1.2.2\jakarta.activation-api-1.2.2.jar;D:\study\mvnResponsitory\org\assertj\assertj-core\3.21.0\assertj-core-3.21.0.jar;D:\study\mvnResponsitory\org\hamcrest\hamcrest\2.2\hamcrest-2.2.jar;D:\study\mvnResponsitory\org\junit\jupiter\junit-jupiter\5.8.1\junit-jupiter-5.8.1.jar;D:\study\mvnResponsitory\org\junit\jupiter\junit-jupiter-api\5.8.1\junit-jupiter-api-5.8.1.jar;D:\study\mvnResponsitory\org\opentest4j\opentest4j\1.2.0\opentest4j-1.2.0.jar;D:\study\mvnResponsitory\org\junit\platform\junit-platform-commons\1.8.1\junit-platform-commons-1.8.1.jar;D:\study\mvnResponsitory\org\apiguardian\apiguardian-api\1.1.2\apiguardian-api-1.1.2.jar;D:\study\mvnResponsitory\org\junit\jupiter\junit-jupiter-params\5.8.1\junit-jupiter-params-5.8.1.jar;D:\study\mvnResponsitory\org\junit\jupiter\junit-jupiter-engine\5.8.1\junit-jupiter-engine-5.8.1.jar;D:\study\mvnResponsitory\org\junit\platform\junit-platform-engine\1.8.1\junit-platform-engine-1.8.1.jar;D:\study\mvnResponsitory\org\mockito\mockito-core\4.0.0\mockito-core-4.0.0.jar;D:\study\mvnResponsitory\net\bytebuddy\byte-buddy\1.11.22\byte-buddy-1.11.22.jar;D:\study\mvnResponsitory\net\bytebuddy\byte-buddy-agent\1.11.22\byte-buddy-agent-1.11.22.jar;D:\study\mvnResponsitory\org\objenesis\objenesis\3.2\objenesis-3.2.jar;D:\study\mvnResponsitory\org\mockito\mockito-junit-jupiter\4.0.0\mockito-junit-jupiter-4.0.0.jar;D:\study\mvnResponsitory\org\skyscreamer\jsonassert\1.5.0\jsonassert-1.5.0.jar;D:\study\mvnResponsitory\com\vaadin\external\google\android-json\0.0.20131108.vaadin1\android-json-0.0.20131108.vaadin1.jar;D:\study\mvnResponsitory\org\springframework\spring-core\5.3.13\spring-core-5.3.13.jar;D:\study\mvnResponsitory\org\springframework\spring-jcl\5.3.13\spring-jcl-5.3.13.jar;D:\study\mvnResponsitory\org\springframework\spring-test\5.3.13\spring-test-5.3.13.jar;D:\study\mvnResponsitory\org\xmlunit\xmlunit-core\2.8.3\xmlunit-core-2.8.3.jar;D:\study\mvnResponsitory\mysql\mysql-connector-java\8.0.25\mysql-connector-java-8.0.25.jar;D:\study\mvnResponsitory\com\alibaba\druid\1.2.8\druid-1.2.8.jar;D:\study\mvnResponsitory\javax\annotation\javax.annotation-api\1.3.2\javax.annotation-api-1.3.2.jar;D:\study\mvnResponsitory\org\projectlombok\lombok\1.18.22\lombok-1.18.22.jar;"/>
    <property name="sun.cpu.endian" value="little"/>
    <property name="user.home" value="C:\Users\y"/>
    <property name="user.language" value="zh"/>
    <property name="java.specification.vendor" value="Oracle Corporation"/>
    <property name="java.version.date" value="2021-04-20"/>
    <property name="java.home" value="D:\Java\jdk-11.0.11"/>
    <property name="file.separator" value="\"/>
    <property name="basedir" value="D:\study\java-folder\vue.js\vue"/>
    <property name="java.vm.compressedOopsMode" value="32-bit"/>
    <property name="line.separator" value="&#10;"/>
    <property name="java.specification.name" value="Java Platform API Specification"/>
    <property name="java.vm.specification.vendor" value="Oracle Corporation"/>
    <property name="java.awt.graphicsenv" value="sun.awt.Win32GraphicsEnvironment"/>
    <property name="surefire.real.class.path" value="C:\Users\y\AppData\Local\Temp\surefire14950846870575148941\surefirebooter16909218944026426009.jar"/>
    <property name="user.script" value=""/>
    <property name="sun.management.compiler" value="HotSpot 64-Bit Tiered Compilers"/>
    <property name="java.runtime.version" value="11.0.11+9-LTS-194"/>
    <property name="user.name" value="y"/>
    <property name="path.separator" value=";"/>
    <property name="os.version" value="10.0"/>
    <property name="java.runtime.name" value="Java(TM) SE Runtime Environment"/>
    <property name="file.encoding" value="GBK"/>
    <property name="java.vm.name" value="Java HotSpot(TM) 64-Bit Server VM"/>
    <property name="java.vendor.version" value="18.9"/>
    <property name="localRepository" value="D:\study\mvnResponsitory"/>
    <property name="java.vendor.url.bug" value="https://bugreport.java.com/bugreport/"/>
    <property name="java.io.tmpdir" value="C:\Users\y\AppData\Local\Temp\"/>
    <property name="idea.version" value="2021.2"/>
    <property name="java.version" value="11.0.11"/>
    <property name="user.dir" value="D:\study\java-folder\vue.js\vue"/>
    <property name="os.arch" value="amd64"/>
    <property name="java.vm.specification.name" value="Java Virtual Machine Specification"/>
    <property name="java.awt.printerjob" value="sun.awt.windows.WPrinterJob"/>
    <property name="sun.os.patch.level" value=""/>
    <property name="java.library.path" value="D:\Java\jdk-11.0.11\bin;C:\Windows\Sun\Java\bin;C:\Windows\system32;C:\Windows;C:\Program Files (x86)\Common Files\Intel\Shared Libraries\redist\intel64\compiler;D:\Program Files (x86)\VMware\VMware Workstation\bin\;C:\Program Files\Common Files\Oracle\Java\javapath;C:\Program Files (x86)\Common Files\Oracle\Java\javapath;C:\Windows\system32;C:\Windows;C:\Windows\System32\Wbem;C:\Windows\System32\WindowsPowerShell\v1.0\;C:\Windows\System32\OpenSSH\;D:\Java\jdk1.8.0_291\bin;C:\Program Files\MySQL\MySQL Server 8.0\bin;C:\Program Files\Common Files\Autodesk Shared\;C:\Program Files (x86)\Autodesk\Backburner\;D:\Program Files\Git\cmd;D:\Program Files\apache-maven-3.8.1\bin;C:\Program Files\MySQL\MySQL Server 8.0\bin;D:\Java\jdk-11.0.11;&quot;Java_Home%\bin;D:\Java\jdk-11.0.11\jre\bin;&quot;;E:\安装路径\;E:\Java开发安装包\Xshell7\;D:\node.js\node\;C:\Users\y\AppData\Local\Microsoft\WindowsApps;;D:\JetBrains\IntelliJ IDEA 2021.1.2\bin;;C:\Users\y\AppData\Roaming\npm;."/>
    <property name="java.vendor" value="Oracle Corporation"/>
    <property name="java.vm.info" value="mixed mode"/>
    <property name="java.vm.version" value="11.0.11+9-LTS-194"/>
    <property name="sun.io.unicode.encoding" value="UnicodeLittle"/>
    <property name="maven.repo.local" value="D:\study\mvnResponsitory"/>
    <property name="java.class.version" value="55.0"/>
  </properties>
  <testcase name="findAllTest" classname="com.fan.vue.VueApplicationTests" time="1.731"/>
</testsuite>