<?xml version="1.0" encoding="UTF-8"?>
<testsuite xmlns:xsi="http://www.w3.org/2001/XMLSchema-instance" xsi:noNamespaceSchemaLocation="https://maven.apache.org/surefire/maven-surefire-plugin/xsd/surefire-test-report.xsd" name="com.fan.BankOnlineApplicationTests" time="16.037" tests="3" errors="0" skipped="0" failures="0">
  <properties>
    <property name="sun.desktop" value="windows"/>
    <property name="awt.toolkit" value="sun.awt.windows.WToolkit"/>
    <property name="java.specification.version" value="11"/>
    <property name="sun.cpu.isalist" value="amd64"/>
    <property name="sun.jnu.encoding" value="GBK"/>
    <property name="java.class.path" value="E:\IDEA\study\java-folder\tenSpringboot\BankOnline\target\test-classes;E:\IDEA\study\java-folder\tenSpringboot\BankOnline\target\classes;E:\IDEA\study\mvnResporsity\org\springframework\boot\spring-boot-starter\2.6.1\spring-boot-starter-2.6.1.jar;E:\IDEA\study\mvnResporsity\org\springframework\boot\spring-boot\2.6.1\spring-boot-2.6.1.jar;E:\IDEA\study\mvnResporsity\org\springframework\spring-context\5.3.13\spring-context-5.3.13.jar;E:\IDEA\study\mvnResporsity\org\springframework\boot\spring-boot-autoconfigure\2.6.1\spring-boot-autoconfigure-2.6.1.jar;E:\IDEA\study\mvnResporsity\org\springframework\boot\spring-boot-starter-logging\2.6.1\spring-boot-starter-logging-2.6.1.jar;E:\IDEA\study\mvnResporsity\ch\qos\logback\logback-classic\1.2.7\logback-classic-1.2.7.jar;E:\IDEA\study\mvnResporsity\ch\qos\logback\logback-core\1.2.7\logback-core-1.2.7.jar;E:\IDEA\study\mvnResporsity\org\apache\logging\log4j\log4j-to-slf4j\2.14.1\log4j-to-slf4j-2.14.1.jar;E:\IDEA\study\mvnResporsity\org\apache\logging\log4j\log4j-api\2.14.1\log4j-api-2.14.1.jar;E:\IDEA\study\mvnResporsity\org\slf4j\jul-to-slf4j\1.7.32\jul-to-slf4j-1.7.32.jar;E:\IDEA\study\mvnResporsity\jakarta\annotation\jakarta.annotation-api\1.3.5\jakarta.annotation-api-1.3.5.jar;E:\IDEA\study\mvnResporsity\org\springframework\spring-core\5.3.13\spring-core-5.3.13.jar;E:\IDEA\study\mvnResporsity\org\springframework\spring-jcl\5.3.13\spring-jcl-5.3.13.jar;E:\IDEA\study\mvnResporsity\org\yaml\snakeyaml\1.29\snakeyaml-1.29.jar;E:\IDEA\study\mvnResporsity\org\springframework\boot\spring-boot-starter-test\2.6.1\spring-boot-starter-test-2.6.1.jar;E:\IDEA\study\mvnResporsity\org\springframework\boot\spring-boot-test\2.6.1\spring-boot-test-2.6.1.jar;E:\IDEA\study\mvnResporsity\org\springframework\boot\spring-boot-test-autoconfigure\2.6.1\spring-boot-test-autoconfigure-2.6.1.jar;E:\IDEA\study\mvnResporsity\com\jayway\jsonpath\json-path\2.6.0\json-path-2.6.0.jar;E:\IDEA\study\mvnResporsity\net\minidev\json-smart\2.4.7\json-smart-2.4.7.jar;E:\IDEA\study\mvnResporsity\net\minidev\accessors-smart\2.4.7\accessors-smart-2.4.7.jar;E:\IDEA\study\mvnResporsity\org\ow2\asm\asm\9.1\asm-9.1.jar;E:\IDEA\study\mvnResporsity\org\slf4j\slf4j-api\1.7.32\slf4j-api-1.7.32.jar;E:\IDEA\study\mvnResporsity\jakarta\xml\bind\jakarta.xml.bind-api\2.3.3\jakarta.xml.bind-api-2.3.3.jar;E:\IDEA\study\mvnResporsity\jakarta\activation\jakarta.activation-api\1.2.2\jakarta.activation-api-1.2.2.jar;E:\IDEA\study\mvnResporsity\org\assertj\assertj-core\3.21.0\assertj-core-3.21.0.jar;E:\IDEA\study\mvnResporsity\org\hamcrest\hamcrest\2.2\hamcrest-2.2.jar;E:\IDEA\study\mvnResporsity\org\junit\jupiter\junit-jupiter\5.8.1\junit-jupiter-5.8.1.jar;E:\IDEA\study\mvnResporsity\org\junit\jupiter\junit-jupiter-api\5.8.1\junit-jupiter-api-5.8.1.jar;E:\IDEA\study\mvnResporsity\org\opentest4j\opentest4j\1.2.0\opentest4j-1.2.0.jar;E:\IDEA\study\mvnResporsity\org\junit\platform\junit-platform-commons\1.8.1\junit-platform-commons-1.8.1.jar;E:\IDEA\study\mvnResporsity\org\apiguardian\apiguardian-api\1.1.2\apiguardian-api-1.1.2.jar;E:\IDEA\study\mvnResporsity\org\junit\jupiter\junit-jupiter-params\5.8.1\junit-jupiter-params-5.8.1.jar;E:\IDEA\study\mvnResporsity\org\junit\jupiter\junit-jupiter-engine\5.8.1\junit-jupiter-engine-5.8.1.jar;E:\IDEA\study\mvnResporsity\org\junit\platform\junit-platform-engine\1.8.1\junit-platform-engine-1.8.1.jar;E:\IDEA\study\mvnResporsity\org\mockito\mockito-core\4.0.0\mockito-core-4.0.0.jar;E:\IDEA\study\mvnResporsity\net\bytebuddy\byte-buddy\1.11.22\byte-buddy-1.11.22.jar;E:\IDEA\study\mvnResporsity\net\bytebuddy\byte-buddy-agent\1.11.22\byte-buddy-agent-1.11.22.jar;E:\IDEA\study\mvnResporsity\org\objenesis\objenesis\3.2\objenesis-3.2.jar;E:\IDEA\study\mvnResporsity\org\mockito\mockito-junit-jupiter\4.0.0\mockito-junit-jupiter-4.0.0.jar;E:\IDEA\study\mvnResporsity\org\skyscreamer\jsonassert\1.5.0\jsonassert-1.5.0.jar;E:\IDEA\study\mvnResporsity\com\vaadin\external\google\android-json\0.0.20131108.vaadin1\android-json-0.0.20131108.vaadin1.jar;E:\IDEA\study\mvnResporsity\org\springframework\spring-test\5.3.13\spring-test-5.3.13.jar;E:\IDEA\study\mvnResporsity\org\xmlunit\xmlunit-core\2.8.3\xmlunit-core-2.8.3.jar;E:\IDEA\study\mvnResporsity\com\github\pagehelper\pagehelper\4.1.6\pagehelper-4.1.6.jar;E:\IDEA\study\mvnResporsity\com\github\jsqlparser\jsqlparser\0.9.5\jsqlparser-0.9.5.jar;E:\IDEA\study\mvnResporsity\org\springframework\boot\spring-boot-starter-web\2.6.1\spring-boot-starter-web-2.6.1.jar;E:\IDEA\study\mvnResporsity\org\springframework\boot\spring-boot-starter-json\2.6.1\spring-boot-starter-json-2.6.1.jar;E:\IDEA\study\mvnResporsity\com\fasterxml\jackson\core\jackson-databind\2.13.0\jackson-databind-2.13.0.jar;E:\IDEA\study\mvnResporsity\com\fasterxml\jackson\core\jackson-annotations\2.13.0\jackson-annotations-2.13.0.jar;E:\IDEA\study\mvnResporsity\com\fasterxml\jackson\core\jackson-core\2.13.0\jackson-core-2.13.0.jar;E:\IDEA\study\mvnResporsity\com\fasterxml\jackson\datatype\jackson-datatype-jdk8\2.13.0\jackson-datatype-jdk8-2.13.0.jar;E:\IDEA\study\mvnResporsity\com\fasterxml\jackson\datatype\jackson-datatype-jsr310\2.13.0\jackson-datatype-jsr310-2.13.0.jar;E:\IDEA\study\mvnResporsity\com\fasterxml\jackson\module\jackson-module-parameter-names\2.13.0\jackson-module-parameter-names-2.13.0.jar;E:\IDEA\study\mvnResporsity\org\springframework\boot\spring-boot-starter-tomcat\2.6.1\spring-boot-starter-tomcat-2.6.1.jar;E:\IDEA\study\mvnResporsity\org\apache\tomcat\embed\tomcat-embed-core\9.0.55\tomcat-embed-core-9.0.55.jar;E:\IDEA\study\mvnResporsity\org\apache\tomcat\embed\tomcat-embed-el\9.0.55\tomcat-embed-el-9.0.55.jar;E:\IDEA\study\mvnResporsity\org\apache\tomcat\embed\tomcat-embed-websocket\9.0.55\tomcat-embed-websocket-9.0.55.jar;E:\IDEA\study\mvnResporsity\org\springframework\spring-web\5.3.13\spring-web-5.3.13.jar;E:\IDEA\study\mvnResporsity\org\springframework\spring-beans\5.3.13\spring-beans-5.3.13.jar;E:\IDEA\study\mvnResporsity\org\springframework\spring-webmvc\5.3.13\spring-webmvc-5.3.13.jar;E:\IDEA\study\mvnResporsity\org\springframework\spring-aop\5.3.13\spring-aop-5.3.13.jar;E:\IDEA\study\mvnResporsity\org\springframework\spring-expression\5.3.13\spring-expression-5.3.13.jar;E:\IDEA\study\mvnResporsity\org\projectlombok\lombok\1.18.22\lombok-1.18.22.jar;E:\IDEA\study\mvnResporsity\mysql\mysql-connector-java\8.0.25\mysql-connector-java-8.0.25.jar;E:\IDEA\study\mvnResporsity\com\alibaba\druid\1.2.4\druid-1.2.4.jar;E:\IDEA\study\mvnResporsity\javax\annotation\javax.annotation-api\1.3.2\javax.annotation-api-1.3.2.jar;E:\IDEA\study\mvnResporsity\org\springframework\boot\spring-boot-starter-thymeleaf\2.6.1\spring-boot-starter-thymeleaf-2.6.1.jar;E:\IDEA\study\mvnResporsity\org\thymeleaf\thymeleaf-spring5\3.0.12.RELEASE\thymeleaf-spring5-3.0.12.RELEASE.jar;E:\IDEA\study\mvnResporsity\org\thymeleaf\thymeleaf\3.0.12.RELEASE\thymeleaf-3.0.12.RELEASE.jar;E:\IDEA\study\mvnResporsity\org\attoparser\attoparser\2.0.5.RELEASE\attoparser-2.0.5.RELEASE.jar;E:\IDEA\study\mvnResporsity\org\unbescape\unbescape\1.1.6.RELEASE\unbescape-1.1.6.RELEASE.jar;E:\IDEA\study\mvnResporsity\org\thymeleaf\extras\thymeleaf-extras-java8time\3.0.4.RELEASE\thymeleaf-extras-java8time-3.0.4.RELEASE.jar;E:\IDEA\study\mvnResporsity\com\alibaba\fastjson\1.2.75\fastjson-1.2.75.jar;E:\IDEA\study\mvnResporsity\com\baomidou\mybatis-plus-boot-starter\3.4.1\mybatis-plus-boot-starter-3.4.1.jar;E:\IDEA\study\mvnResporsity\com\baomidou\mybatis-plus\3.4.1\mybatis-plus-3.4.1.jar;E:\IDEA\study\mvnResporsity\com\baomidou\mybatis-plus-extension\3.4.1\mybatis-plus-extension-3.4.1.jar;E:\IDEA\study\mvnResporsity\com\baomidou\mybatis-plus-core\3.4.1\mybatis-plus-core-3.4.1.jar;E:\IDEA\study\mvnResporsity\com\baomidou\mybatis-plus-annotation\3.4.1\mybatis-plus-annotation-3.4.1.jar;E:\IDEA\study\mvnResporsity\org\mybatis\mybatis\3.5.6\mybatis-3.5.6.jar;E:\IDEA\study\mvnResporsity\org\mybatis\mybatis-spring\2.0.5\mybatis-spring-2.0.5.jar;E:\IDEA\study\mvnResporsity\org\springframework\boot\spring-boot-starter-jdbc\2.6.1\spring-boot-starter-jdbc-2.6.1.jar;E:\IDEA\study\mvnResporsity\com\zaxxer\HikariCP\4.0.3\HikariCP-4.0.3.jar;E:\IDEA\study\mvnResporsity\org\springframework\spring-jdbc\5.3.13\spring-jdbc-5.3.13.jar;E:\IDEA\study\mvnResporsity\org\springframework\spring-tx\5.3.13\spring-tx-5.3.13.jar;"/>
    <property name="java.vm.vendor" value="Oracle Corporation"/>
    <property name="sun.arch.data.model" value="64"/>
    <property name="user.variant" value=""/>
    <property name="java.vendor.url" value="https://openjdk.java.net/"/>
    <property name="user.timezone" value="Asia/Shanghai"/>
    <property name="java.vm.specification.version" value="11"/>
    <property name="os.name" value="Windows 10"/>
    <property name="sun.java.launcher" value="SUN_STANDARD"/>
    <property name="user.country" value="CN"/>
    <property name="sun.boot.library.path" value="C:\Program Files\Java\jdk-11.0.11\bin"/>
    <property name="sun.java.command" value="C:\Users\86151\AppData\Local\Temp\surefire14299314405875196183\surefirebooter13234915375802698703.jar C:\Users\86151\AppData\Local\Temp\surefire14299314405875196183 2021-12-26T21-39-03_214-jvmRun1 surefire13417534162422627752tmp surefire_04477889254678076972tmp"/>
    <property name="jdk.debug" value="release"/>
    <property name="surefire.test.class.path" value="E:\IDEA\study\java-folder\tenSpringboot\BankOnline\target\test-classes;E:\IDEA\study\java-folder\tenSpringboot\BankOnline\target\classes;E:\IDEA\study\mvnResporsity\org\springframework\boot\spring-boot-starter\2.6.1\spring-boot-starter-2.6.1.jar;E:\IDEA\study\mvnResporsity\org\springframework\boot\spring-boot\2.6.1\spring-boot-2.6.1.jar;E:\IDEA\study\mvnResporsity\org\springframework\spring-context\5.3.13\spring-context-5.3.13.jar;E:\IDEA\study\mvnResporsity\org\springframework\boot\spring-boot-autoconfigure\2.6.1\spring-boot-autoconfigure-2.6.1.jar;E:\IDEA\study\mvnResporsity\org\springframework\boot\spring-boot-starter-logging\2.6.1\spring-boot-starter-logging-2.6.1.jar;E:\IDEA\study\mvnResporsity\ch\qos\logback\logback-classic\1.2.7\logback-classic-1.2.7.jar;E:\IDEA\study\mvnResporsity\ch\qos\logback\logback-core\1.2.7\logback-core-1.2.7.jar;E:\IDEA\study\mvnResporsity\org\apache\logging\log4j\log4j-to-slf4j\2.14.1\log4j-to-slf4j-2.14.1.jar;E:\IDEA\study\mvnResporsity\org\apache\logging\log4j\log4j-api\2.14.1\log4j-api-2.14.1.jar;E:\IDEA\study\mvnResporsity\org\slf4j\jul-to-slf4j\1.7.32\jul-to-slf4j-1.7.32.jar;E:\IDEA\study\mvnResporsity\jakarta\annotation\jakarta.annotation-api\1.3.5\jakarta.annotation-api-1.3.5.jar;E:\IDEA\study\mvnResporsity\org\springframework\spring-core\5.3.13\spring-core-5.3.13.jar;E:\IDEA\study\mvnResporsity\org\springframework\spring-jcl\5.3.13\spring-jcl-5.3.13.jar;E:\IDEA\study\mvnResporsity\org\yaml\snakeyaml\1.29\snakeyaml-1.29.jar;E:\IDEA\study\mvnResporsity\org\springframework\boot\spring-boot-starter-test\2.6.1\spring-boot-starter-test-2.6.1.jar;E:\IDEA\study\mvnResporsity\org\springframework\boot\spring-boot-test\2.6.1\spring-boot-test-2.6.1.jar;E:\IDEA\study\mvnResporsity\org\springframework\boot\spring-boot-test-autoconfigure\2.6.1\spring-boot-test-autoconfigure-2.6.1.jar;E:\IDEA\study\mvnResporsity\com\jayway\jsonpath\json-path\2.6.0\json-path-2.6.0.jar;E:\IDEA\study\mvnResporsity\net\minidev\json-smart\2.4.7\json-smart-2.4.7.jar;E:\IDEA\study\mvnResporsity\net\minidev\accessors-smart\2.4.7\accessors-smart-2.4.7.jar;E:\IDEA\study\mvnResporsity\org\ow2\asm\asm\9.1\asm-9.1.jar;E:\IDEA\study\mvnResporsity\org\slf4j\slf4j-api\1.7.32\slf4j-api-1.7.32.jar;E:\IDEA\study\mvnResporsity\jakarta\xml\bind\jakarta.xml.bind-api\2.3.3\jakarta.xml.bind-api-2.3.3.jar;E:\IDEA\study\mvnResporsity\jakarta\activation\jakarta.activation-api\1.2.2\jakarta.activation-api-1.2.2.jar;E:\IDEA\study\mvnResporsity\org\assertj\assertj-core\3.21.0\assertj-core-3.21.0.jar;E:\IDEA\study\mvnResporsity\org\hamcrest\hamcrest\2.2\hamcrest-2.2.jar;E:\IDEA\study\mvnResporsity\org\junit\jupiter\junit-jupiter\5.8.1\junit-jupiter-5.8.1.jar;E:\IDEA\study\mvnResporsity\org\junit\jupiter\junit-jupiter-api\5.8.1\junit-jupiter-api-5.8.1.jar;E:\IDEA\study\mvnResporsity\org\opentest4j\opentest4j\1.2.0\opentest4j-1.2.0.jar;E:\IDEA\study\mvnResporsity\org\junit\platform\junit-platform-commons\1.8.1\junit-platform-commons-1.8.1.jar;E:\IDEA\study\mvnResporsity\org\apiguardian\apiguardian-api\1.1.2\apiguardian-api-1.1.2.jar;E:\IDEA\study\mvnResporsity\org\junit\jupiter\junit-jupiter-params\5.8.1\junit-jupiter-params-5.8.1.jar;E:\IDEA\study\mvnResporsity\org\junit\jupiter\junit-jupiter-engine\5.8.1\junit-jupiter-engine-5.8.1.jar;E:\IDEA\study\mvnResporsity\org\junit\platform\junit-platform-engine\1.8.1\junit-platform-engine-1.8.1.jar;E:\IDEA\study\mvnResporsity\org\mockito\mockito-core\4.0.0\mockito-core-4.0.0.jar;E:\IDEA\study\mvnResporsity\net\bytebuddy\byte-buddy\1.11.22\byte-buddy-1.11.22.jar;E:\IDEA\study\mvnResporsity\net\bytebuddy\byte-buddy-agent\1.11.22\byte-buddy-agent-1.11.22.jar;E:\IDEA\study\mvnResporsity\org\objenesis\objenesis\3.2\objenesis-3.2.jar;E:\IDEA\study\mvnResporsity\org\mockito\mockito-junit-jupiter\4.0.0\mockito-junit-jupiter-4.0.0.jar;E:\IDEA\study\mvnResporsity\org\skyscreamer\jsonassert\1.5.0\jsonassert-1.5.0.jar;E:\IDEA\study\mvnResporsity\com\vaadin\external\google\android-json\0.0.20131108.vaadin1\android-json-0.0.20131108.vaadin1.jar;E:\IDEA\study\mvnResporsity\org\springframework\spring-test\5.3.13\spring-test-5.3.13.jar;E:\IDEA\study\mvnResporsity\org\xmlunit\xmlunit-core\2.8.3\xmlunit-core-2.8.3.jar;E:\IDEA\study\mvnResporsity\com\github\pagehelper\pagehelper\4.1.6\pagehelper-4.1.6.jar;E:\IDEA\study\mvnResporsity\com\github\jsqlparser\jsqlparser\0.9.5\jsqlparser-0.9.5.jar;E:\IDEA\study\mvnResporsity\org\springframework\boot\spring-boot-starter-web\2.6.1\spring-boot-starter-web-2.6.1.jar;E:\IDEA\study\mvnResporsity\org\springframework\boot\spring-boot-starter-json\2.6.1\spring-boot-starter-json-2.6.1.jar;E:\IDEA\study\mvnResporsity\com\fasterxml\jackson\core\jackson-databind\2.13.0\jackson-databind-2.13.0.jar;E:\IDEA\study\mvnResporsity\com\fasterxml\jackson\core\jackson-annotations\2.13.0\jackson-annotations-2.13.0.jar;E:\IDEA\study\mvnResporsity\com\fasterxml\jackson\core\jackson-core\2.13.0\jackson-core-2.13.0.jar;E:\IDEA\study\mvnResporsity\com\fasterxml\jackson\datatype\jackson-datatype-jdk8\2.13.0\jackson-datatype-jdk8-2.13.0.jar;E:\IDEA\study\mvnResporsity\com\fasterxml\jackson\datatype\jackson-datatype-jsr310\2.13.0\jackson-datatype-jsr310-2.13.0.jar;E:\IDEA\study\mvnResporsity\com\fasterxml\jackson\module\jackson-module-parameter-names\2.13.0\jackson-module-parameter-names-2.13.0.jar;E:\IDEA\study\mvnResporsity\org\springframework\boot\spring-boot-starter-tomcat\2.6.1\spring-boot-starter-tomcat-2.6.1.jar;E:\IDEA\study\mvnResporsity\org\apache\tomcat\embed\tomcat-embed-core\9.0.55\tomcat-embed-core-9.0.55.jar;E:\IDEA\study\mvnResporsity\org\apache\tomcat\embed\tomcat-embed-el\9.0.55\tomcat-embed-el-9.0.55.jar;E:\IDEA\study\mvnResporsity\org\apache\tomcat\embed\tomcat-embed-websocket\9.0.55\tomcat-embed-websocket-9.0.55.jar;E:\IDEA\study\mvnResporsity\org\springframework\spring-web\5.3.13\spring-web-5.3.13.jar;E:\IDEA\study\mvnResporsity\org\springframework\spring-beans\5.3.13\spring-beans-5.3.13.jar;E:\IDEA\study\mvnResporsity\org\springframework\spring-webmvc\5.3.13\spring-webmvc-5.3.13.jar;E:\IDEA\study\mvnResporsity\org\springframework\spring-aop\5.3.13\spring-aop-5.3.13.jar;E:\IDEA\study\mvnResporsity\org\springframework\spring-expression\5.3.13\spring-expression-5.3.13.jar;E:\IDEA\study\mvnResporsity\org\projectlombok\lombok\1.18.22\lombok-1.18.22.jar;E:\IDEA\study\mvnResporsity\mysql\mysql-connector-java\8.0.25\mysql-connector-java-8.0.25.jar;E:\IDEA\study\mvnResporsity\com\alibaba\druid\1.2.4\druid-1.2.4.jar;E:\IDEA\study\mvnResporsity\javax\annotation\javax.annotation-api\1.3.2\javax.annotation-api-1.3.2.jar;E:\IDEA\study\mvnResporsity\org\springframework\boot\spring-boot-starter-thymeleaf\2.6.1\spring-boot-starter-thymeleaf-2.6.1.jar;E:\IDEA\study\mvnResporsity\org\thymeleaf\thymeleaf-spring5\3.0.12.RELEASE\thymeleaf-spring5-3.0.12.RELEASE.jar;E:\IDEA\study\mvnResporsity\org\thymeleaf\thymeleaf\3.0.12.RELEASE\thymeleaf-3.0.12.RELEASE.jar;E:\IDEA\study\mvnResporsity\org\attoparser\attoparser\2.0.5.RELEASE\attoparser-2.0.5.RELEASE.jar;E:\IDEA\study\mvnResporsity\org\unbescape\unbescape\1.1.6.RELEASE\unbescape-1.1.6.RELEASE.jar;E:\IDEA\study\mvnResporsity\org\thymeleaf\extras\thymeleaf-extras-java8time\3.0.4.RELEASE\thymeleaf-extras-java8time-3.0.4.RELEASE.jar;E:\IDEA\study\mvnResporsity\com\alibaba\fastjson\1.2.75\fastjson-1.2.75.jar;E:\IDEA\study\mvnResporsity\com\baomidou\mybatis-plus-boot-starter\3.4.1\mybatis-plus-boot-starter-3.4.1.jar;E:\IDEA\study\mvnResporsity\com\baomidou\mybatis-plus\3.4.1\mybatis-plus-3.4.1.jar;E:\IDEA\study\mvnResporsity\com\baomidou\mybatis-plus-extension\3.4.1\mybatis-plus-extension-3.4.1.jar;E:\IDEA\study\mvnResporsity\com\baomidou\mybatis-plus-core\3.4.1\mybatis-plus-core-3.4.1.jar;E:\IDEA\study\mvnResporsity\com\baomidou\mybatis-plus-annotation\3.4.1\mybatis-plus-annotation-3.4.1.jar;E:\IDEA\study\mvnResporsity\org\mybatis\mybatis\3.5.6\mybatis-3.5.6.jar;E:\IDEA\study\mvnResporsity\org\mybatis\mybatis-spring\2.0.5\mybatis-spring-2.0.5.jar;E:\IDEA\study\mvnResporsity\org\springframework\boot\spring-boot-starter-jdbc\2.6.1\spring-boot-starter-jdbc-2.6.1.jar;E:\IDEA\study\mvnResporsity\com\zaxxer\HikariCP\4.0.3\HikariCP-4.0.3.jar;E:\IDEA\study\mvnResporsity\org\springframework\spring-jdbc\5.3.13\spring-jdbc-5.3.13.jar;E:\IDEA\study\mvnResporsity\org\springframework\spring-tx\5.3.13\spring-tx-5.3.13.jar;"/>
    <property name="sun.cpu.endian" value="little"/>
    <property name="user.home" value="C:\Users\86151"/>
    <property name="user.language" value="zh"/>
    <property name="java.specification.vendor" value="Oracle Corporation"/>
    <property name="java.version.date" value="2021-04-20"/>
    <property name="java.home" value="C:\Program Files\Java\jdk-11.0.11"/>
    <property name="file.separator" value="\"/>
    <property name="basedir" value="E:\IDEA\study\java-folder\tenSpringboot\BankOnline"/>
    <property name="java.vm.compressedOopsMode" value="32-bit"/>
    <property name="line.separator" value="&#10;"/>
    <property name="java.specification.name" value="Java Platform API Specification"/>
    <property name="java.vm.specification.vendor" value="Oracle Corporation"/>
    <property name="java.awt.graphicsenv" value="sun.awt.Win32GraphicsEnvironment"/>
    <property name="surefire.real.class.path" value="C:\Users\86151\AppData\Local\Temp\surefire14299314405875196183\surefirebooter13234915375802698703.jar"/>
    <property name="user.script" value=""/>
    <property name="sun.management.compiler" value="HotSpot 64-Bit Tiered Compilers"/>
    <property name="java.runtime.version" value="11.0.11+9-LTS-194"/>
    <property name="user.name" value="86151"/>
    <property name="path.separator" value=";"/>
    <property name="os.version" value="10.0"/>
    <property name="java.runtime.name" value="Java(TM) SE Runtime Environment"/>
    <property name="file.encoding" value="GBK"/>
    <property name="java.vm.name" value="Java HotSpot(TM) 64-Bit Server VM"/>
    <property name="java.vendor.version" value="18.9"/>
    <property name="localRepository" value="E:\IDEA\study\mvnResporsity"/>
    <property name="java.vendor.url.bug" value="https://bugreport.java.com/bugreport/"/>
    <property name="java.io.tmpdir" value="C:\Users\86151\AppData\Local\Temp\"/>
    <property name="idea.version" value="2021.2"/>
    <property name="java.version" value="11.0.11"/>
    <property name="user.dir" value="E:\IDEA\study\java-folder\tenSpringboot\BankOnline"/>
    <property name="os.arch" value="amd64"/>
    <property name="java.vm.specification.name" value="Java Virtual Machine Specification"/>
    <property name="java.awt.printerjob" value="sun.awt.windows.WPrinterJob"/>
    <property name="sun.os.patch.level" value=""/>
    <property name="java.library.path" value="C:\Program Files\Java\jdk-11.0.11\bin;C:\WINDOWS\Sun\Java\bin;C:\WINDOWS\system32;C:\WINDOWS;F:\MyOracle\product\11.2.0\dbhome_1\bin;C:\oracle\ora90\bin;F:\app\86151\product\11.2.0\dbhome_1\bin;C:\Program Files (x86)\Common Files\Oracle\Java\javapath;C:\ProgramData\Oracle\Java\javapath;C:\WINDOWS\system32;C:\WINDOWS;C:\WINDOWS\System32\Wbem;C:\WINDOWS\System32\WindowsPowerShell\v1.0\;C:\WINDOWS\System32\OpenSSH\;C:\Program Files\Microsoft\Web Platform Installer\;C:\Program Files (x86)\Microsoft ASP.NET\ASP.NET Web Pages\v1.0\;C:\Program Files (x86)\Windows Kits\8.0\Windows Performance Toolkit\;C:\Program Files\Microsoft SQL Server\110\Tools\Binn\;C:\Program Files (x86)\Microsoft SQL Server\100\Tools\Binn\;C:\Program Files\Microsoft SQL Server\100\Tools\Binn\;C:\Program Files\Microsoft SQL Server\100\DTS\Binn\;C:\Program Files (x86)\Microsoft SQL Server\100\Tools\Binn\VSShell\Common7\IDE\;C:\Program Files (x86)\Microsoft Visual Studio 9.0\Common7\IDE\PrivateAssemblies\;C:\Program Files (x86)\Microsoft SQL Server\100\DTS\Binn\;C:\Program Files\Java\jdk-11.0.11\bin;C:\Program Files\MySQL\MySQL Server 8.0\bin;C:\Program Files\Git\cmd;E:\IDEA\Tomcat\apache-tomcat-9.0.56\bin;E:\eclipse\javaStudy\apache-tomcat-8.0.36\bin;C:\Users\86151\AppData\Local\Microsoft\WindowsApps;;F:\visual studio code\Microsoft VS Code\bin;F:\软件测试工具\PyCharm 2020.3.5\bin;;E:\IDEA\安装路径\IntelliJ IDEA 213.4928.7\bin;;."/>
    <property name="java.vendor" value="Oracle Corporation"/>
    <property name="java.vm.info" value="mixed mode"/>
    <property name="java.vm.version" value="11.0.11+9-LTS-194"/>
    <property name="sun.io.unicode.encoding" value="UnicodeLittle"/>
    <property name="maven.repo.local" value="E:\IDEA\study\mvnResporsity"/>
    <property name="java.class.version" value="55.0"/>
  </properties>
  <testcase name="loginTest" classname="com.fan.BankOnlineApplicationTests" time="4.766"/>
  <testcase name="testUpdateMoney" classname="com.fan.BankOnlineApplicationTests" time="0.459"/>
  <testcase name="testInsertRecord" classname="com.fan.BankOnlineApplicationTests" time="0.064"/>
</testsuite>